#
# A fatal error has been detected by the Java Runtime Environment:
#
#  EXCEPTION_ACCESS_VIOLATION (0xc0000005) at pc=0x0000000065a57bff, pid=5196, tid=0x0000000000000afc
#
# JRE version: Java(TM) SE Runtime Environment (8.0_201-b09) (build 1.8.0_201-b09)
# Java VM: Java HotSpot(TM) 64-Bit Server VM (25.201-b09 mixed mode windows-amd64 compressed oops)
# Problematic frame:
# V  [jvm.dll+0xf7bff]
#
# Failed to write core dump. Minidumps are not enabled by default on client versions of Windows
#
# If you would like to submit a bug report, please visit:
#   http://bugreport.java.com/bugreport/crash.jsp
#

---------------  T H R E A D  ---------------

Current thread (0x0000000014787000):  VMThread [stack: 0x0000000015810000,0x0000000015910000] [id=2812]

siginfo: ExceptionCode=0xc0000005, reading address 0x0000000017cb0690

Registers:
RAX=0x000000000016c5a0, RBX=0x0000000000000000, RCX=0x0000000017b440e0, RDX=0x000000000000b62d
RSP=0x000000001590f158, RBP=0x000000001590f6d0, RSI=0x000000001590f860, RDI=0x000000001590f860
R8 =0x0000000000000000, R9 =0x0000000017b43950, R10=0x0000000000000007, R11=0x0000000017b4279d
R12=0x00000000146954b0, R13=0x000000001590f690, R14=0x00000000000003d8, R15=0x000000001590f680
RIP=0x0000000065a57bff, EFLAGS=0x0000000000010206

Top of Stack: (sp=0x000000001590f158)
0x000000001590f158:   0000000065a5f640 00000000ec4ae010
0x000000001590f168:   0000000000000000 000000001590f860
0x000000001590f178:   00000000ec4ae160 00000000ec4ae1c8
0x000000001590f188:   00000000ec4ae230 0000000065f68f38
0x000000001590f198:   000000000213d2a0 0000000000000015
0x000000001590f1a8:   000000000000000c 000000001590f1d0
0x000000001590f1b8:   0000000000000003 0000000046000021
0x000000001590f1c8:   00000000ec4ae5c0 2fffffff4fffffff
0x000000001590f1d8:   000000004fffffff 00000000ec4ae720
0x000000001590f1e8:   00000000ec4ae790 00000000ec4ae7f8
0x000000001590f1f8:   00000000ec4ae868 00000000ec4ae8d0
0x000000001590f208:   00000000ec4ae938 00000000ec4ae9a0
0x000000001590f218:   00000000ec4aea08 00000000ec4aea88
0x000000001590f228:   00000000ec4aeaf0 00000000ec4aeb58
0x000000001590f238:   00000000ec4aebc0 00000000ec4aec28
0x000000001590f248:   00000000ec4aec90 00000000ec4aec90 

Instructions: (pc=0x0000000065a57bff)
0x0000000065a57bdf:   74 3e 85 d2 79 13 f7 d2 48 63 c2 48 c1 e0 05 48
0x0000000065a57bef:   8b 44 08 10 0f b7 c0 eb 12 48 63 c2 48 c1 e0 05
0x0000000065a57bff:   48 8b 44 08 10 0f b7 d0 48 63 c2 41 0f b7 4c c1
0x0000000065a57c0f:   52 48 63 c1 41 0f b7 44 c1 52 49 8b 44 c1 50 c3 


Register to memory mapping:

RAX=0x000000000016c5a0 is an unknown value
RBX=0x0000000000000000 is an unknown value
RCX=0x0000000017b440e0 is pointing into metadata
RDX=0x000000000000b62d is an unknown value
RSP=0x000000001590f158 is an unknown value
RBP=0x000000001590f6d0 is an unknown value
RSI=0x000000001590f860 is an unknown value
RDI=0x000000001590f860 is an unknown value
R8 =0x0000000000000000 is an unknown value
R9 =0x0000000017b43950 is pointing into metadata
R10=0x0000000000000007 is an unknown value
R11=0x0000000017b4279d is pointing into metadata
R12=0x00000000146954b0 is an unknown value
R13=0x000000001590f690 is an unknown value
R14=0x00000000000003d8 is an unknown value
R15=0x000000001590f680 is an unknown value


Stack: [0x0000000015810000,0x0000000015910000],  sp=0x000000001590f158,  free space=1020k
Native frames: (J=compiled Java code, j=interpreted, Vv=VM code, C=native code)
V  [jvm.dll+0xf7bff]

VM_Operation (0x00000000161df730): GetOrSetLocal, mode: safepoint, requested by thread 0x00000000147c9000


---------------  P R O C E S S  ---------------

Java Threads: ( => current thread )
  0x0000000016f0d800 JavaThread "TimerQueue" daemon [_thread_blocked, id=4760, stack(0x00000000189f0000,0x0000000018af0000)]
  0x00000000020d3000 JavaThread "DestroyJavaVM" [_thread_blocked, id=3872, stack(0x0000000001e50000,0x0000000001f50000)]
  0x0000000016e2b800 JavaThread "AWT-EventQueue-0" [_thread_blocked, id=4620, stack(0x00000000180f0000,0x00000000181f0000)]
  0x0000000016dd7800 JavaThread "AWT-Windows" daemon [_thread_in_native, id=3108, stack(0x00000000179e0000,0x0000000017ae0000)]
  0x0000000016dd5000 JavaThread "AWT-Shutdown" [_thread_blocked, id=2780, stack(0x00000000178e0000,0x00000000179e0000)]
  0x0000000016dd3800 JavaThread "Java2D Disposer" daemon [_thread_blocked, id=8020, stack(0x00000000177e0000,0x00000000178e0000)]
  0x00000000164b4000 JavaThread "Service Thread" daemon [_thread_blocked, id=4516, stack(0x0000000016ae0000,0x0000000016be0000)]
  0x000000001646c800 JavaThread "C1 CompilerThread2" daemon [_thread_blocked, id=7596, stack(0x00000000169e0000,0x0000000016ae0000)]
  0x000000001646c000 JavaThread "C2 CompilerThread1" daemon [_thread_blocked, id=3144, stack(0x00000000168e0000,0x00000000169e0000)]
  0x000000001646b000 JavaThread "C2 CompilerThread0" daemon [_thread_blocked, id=32, stack(0x00000000167e0000,0x00000000168e0000)]
  0x00000000147da000 JavaThread "JDWP Command Reader" daemon [_thread_in_native, id=8596, stack(0x00000000162e0000,0x00000000163e0000)]
  0x00000000147d8800 JavaThread "JDWP Event Helper Thread" daemon [_thread_blocked, id=7512, stack(0x00000000161e0000,0x00000000162e0000)]
  0x00000000147c9000 JavaThread "JDWP Transport Listener: dt_socket" daemon [_thread_blocked, id=4392, stack(0x00000000160e0000,0x00000000161e0000)]
  0x00000000147bb800 JavaThread "Attach Listener" daemon [_thread_blocked, id=2848, stack(0x0000000015d00000,0x0000000015e00000)]
  0x00000000147c7000 JavaThread "Signal Dispatcher" daemon [_thread_blocked, id=6800, stack(0x0000000015c00000,0x0000000015d00000)]
  0x00000000147aa000 JavaThread "Finalizer" daemon [_thread_blocked, id=8044, stack(0x0000000015a10000,0x0000000015b10000)]
  0x0000000014789000 JavaThread "Reference Handler" daemon [_thread_blocked, id=8664, stack(0x0000000015910000,0x0000000015a10000)]

Other Threads:
=>0x0000000014787000 VMThread [stack: 0x0000000015810000,0x0000000015910000] [id=2812]
  0x0000000016515800 WatcherThread [stack: 0x0000000016be0000,0x0000000016ce0000] [id=2200]

VM state:at safepoint (normal execution)

VM Mutex/Monitor currently owned by a thread:  ([mutex/lock_event])
[0x0000000001dedd70] Threads_lock - owner thread: 0x0000000014787000

heap address: 0x00000000c1800000, size: 1000 MB, Compressed Oops mode: 32-bit
Narrow klass base: 0x0000000000000000, Narrow klass shift: 3
Compressed class space size: 1073741824 Address: 0x0000000100000000

Heap:
 PSYoungGen      total 18944K, used 7285K [0x00000000eb300000, 0x00000000ec800000, 0x0000000100000000)
  eden space 16384K, 28% used [0x00000000eb300000,0x00000000eb79d7d8,0x00000000ec300000)
  from space 2560K, 99% used [0x00000000ec300000,0x00000000ec57fc90,0x00000000ec580000)
  to   space 2560K, 0% used [0x00000000ec580000,0x00000000ec580000,0x00000000ec800000)
 ParOldGen       total 44032K, used 2813K [0x00000000c1800000, 0x00000000c4300000, 0x00000000eb300000)
  object space 44032K, 6% used [0x00000000c1800000,0x00000000c1abf7a8,0x00000000c4300000)
 Metaspace       used 14319K, capacity 14590K, committed 14720K, reserved 1062912K
  class space    used 1793K, capacity 1868K, committed 1920K, reserved 1048576K

Card table byte_map: [0x0000000011590000,0x0000000011790000] byte_map_base: 0x0000000010f84000

Marking Bits: (ParMarkBitMap*) 0x0000000066184ce0
 Begin Bits: [0x0000000011ce0000, 0x0000000012c80000)
 End Bits:   [0x0000000012c80000, 0x0000000013c20000)

Polling page: 0x0000000000590000

CodeCache: size=245760Kb used=4824Kb max_used=4825Kb free=240935Kb
 bounds [0x00000000021d0000, 0x0000000002690000, 0x00000000111d0000]
 total_blobs=1853 nmethods=1352 adapters=421
 compilation: enabled

Compilation events (10 events):
Event: 957.337 Thread 0x000000001646c800 1377       3       java.util.IdentityHashMap$KeyIterator::<init> (6 bytes)
Event: 957.337 Thread 0x000000001646c800 nmethod 1377 0x0000000002686450 code [0x00000000026865c0, 0x0000000002686848]
Event: 958.603 Thread 0x000000001646c800 1380       1       sun.awt.windows.WToolkit::needUpdateWindow (2 bytes)
Event: 958.603 Thread 0x000000001646c800 nmethod 1380 0x0000000002686990 code [0x0000000002686ae0, 0x0000000002686bf0]
Event: 1056.965 Thread 0x000000001646c800 1381       1       java.lang.reflect.Method::getModifiers (5 bytes)
Event: 1056.965 Thread 0x000000001646c800 nmethod 1381 0x0000000002686c50 code [0x0000000002686da0, 0x0000000002686eb0]
Event: 1228.700 Thread 0x000000001646c800 1382       3       org.eclipse.jdt.launching.internal.org.objectweb.asm.MethodWriter::visitLocalVariable (222 bytes)
Event: 1228.716 Thread 0x000000001646c800 nmethod 1382 0x0000000002686f10 code [0x00000000026871e0, 0x0000000002688168]
Event: 1228.716 Thread 0x000000001646c800 1383       3       org.eclipse.jdt.launching.internal.org.objectweb.asm.MethodWriter::visitInsn (115 bytes)
Event: 1228.717 Thread 0x000000001646c800 nmethod 1383 0x00000000022eba50 code [0x00000000022ebc00, 0x00000000022ec0e8]

GC Heap History (2 events):
Event: 121.791 GC heap before
{Heap before GC invocations=1 (full 0):
 PSYoungGen      total 18944K, used 16384K [0x00000000eb300000, 0x00000000ec800000, 0x0000000100000000)
  eden space 16384K, 100% used [0x00000000eb300000,0x00000000ec300000,0x00000000ec300000)
  from space 2560K, 0% used [0x00000000ec580000,0x00000000ec580000,0x00000000ec800000)
  to   space 2560K, 0% used [0x00000000ec300000,0x00000000ec300000,0x00000000ec580000)
 ParOldGen       total 44032K, used 0K [0x00000000c1800000, 0x00000000c4300000, 0x00000000eb300000)
  object space 44032K, 0% used [0x00000000c1800000,0x00000000c1800000,0x00000000c4300000)
 Metaspace       used 13437K, capacity 13624K, committed 13824K, reserved 1060864K
  class space    used 1698K, capacity 1763K, committed 1792K, reserved 1048576K
Event: 121.828 GC heap after
Heap after GC invocations=1 (full 0):
 PSYoungGen      total 18944K, used 2559K [0x00000000eb300000, 0x00000000ec800000, 0x0000000100000000)
  eden space 16384K, 0% used [0x00000000eb300000,0x00000000eb300000,0x00000000ec300000)
  from space 2560K, 99% used [0x00000000ec300000,0x00000000ec57fc90,0x00000000ec580000)
  to   space 2560K, 0% used [0x00000000ec580000,0x00000000ec580000,0x00000000ec800000)
 ParOldGen       total 44032K, used 2813K [0x00000000c1800000, 0x00000000c4300000, 0x00000000eb300000)
  object space 44032K, 6% used [0x00000000c1800000,0x00000000c1abf7a8,0x00000000c4300000)
 Metaspace       used 13437K, capacity 13624K, committed 13824K, reserved 1060864K
  class space    used 1698K, capacity 1763K, committed 1792K, reserved 1048576K
}

Deoptimization events (4 events):
Event: 9.582 Thread 0x0000000016e2b800 Uncommon trap: reason=class_check action=maybe_recompile pc=0x0000000002334c18 method=java.lang.String.equals(Ljava/lang/Object;)Z @ 8
Event: 9.582 Thread 0x0000000016e2b800 Uncommon trap: reason=class_check action=maybe_recompile pc=0x0000000002334c18 method=java.lang.String.equals(Ljava/lang/Object;)Z @ 8
Event: 9.690 Thread 0x0000000016e2b800 Uncommon trap: reason=class_check action=maybe_recompile pc=0x0000000002334c18 method=java.lang.String.equals(Ljava/lang/Object;)Z @ 8
Event: 9.690 Thread 0x0000000016e2b800 Uncommon trap: reason=class_check action=maybe_recompile pc=0x0000000002334c18 method=java.lang.String.equals(Ljava/lang/Object;)Z @ 8

Classes redefined (5 events):
Event: 465.404 Thread 0x0000000014787000 redefined class name=org.chrissmb.simulacao.client.view.GridTable, count=1
Event: 873.297 Thread 0x0000000014787000 redefined class name=org.chrissmb.simulacao.client.view.GridTable, count=2
Event: 930.890 Thread 0x0000000014787000 redefined class name=org.chrissmb.simulacao.client.view.GridTable, count=3
Event: 942.110 Thread 0x0000000014787000 redefined class name=org.chrissmb.simulacao.client.view.GridTable, count=4
Event: 1228.716 Thread 0x0000000014787000 redefined class name=org.chrissmb.simulacao.client.view.GridTable, count=5

Internal exceptions (10 events):
Event: 7.615 Thread 0x00000000020d3000 Exception <a 'java/lang/NoSuchFieldError': method resolution failed> (0x00000000eb93bbb8) thrown at [C:\re\workspace\8-2-build-windows-amd64-cygwin\jdk8u201\12322\hotspot\src\share\vm\prims\methodHandles.cpp, line 1167]
Event: 7.681 Thread 0x00000000020d3000 Exception <a 'java/lang/NoSuchFieldError': method resolution failed> (0x00000000eb9499d0) thrown at [C:\re\workspace\8-2-build-windows-amd64-cygwin\jdk8u201\12322\hotspot\src\share\vm\prims\methodHandles.cpp, line 1167]
Event: 7.871 Thread 0x00000000020d3000 Exception <a 'java/security/PrivilegedActionException'> (0x00000000eba786b0) thrown at [C:\re\workspace\8-2-build-windows-amd64-cygwin\jdk8u201\12322\hotspot\src\share\vm\prims\jvm.cpp, line 1502]
Event: 7.871 Thread 0x00000000020d3000 Exception <a 'java/security/PrivilegedActionException'> (0x00000000eba788c0) thrown at [C:\re\workspace\8-2-build-windows-amd64-cygwin\jdk8u201\12322\hotspot\src\share\vm\prims\jvm.cpp, line 1502]
Event: 7.873 Thread 0x00000000020d3000 Exception <a 'java/security/PrivilegedActionException'> (0x00000000eba7c530) thrown at [C:\re\workspace\8-2-build-windows-amd64-cygwin\jdk8u201\12322\hotspot\src\share\vm\prims\jvm.cpp, line 1502]
Event: 7.873 Thread 0x00000000020d3000 Exception <a 'java/security/PrivilegedActionException'> (0x00000000eba7c740) thrown at [C:\re\workspace\8-2-build-windows-amd64-cygwin\jdk8u201\12322\hotspot\src\share\vm\prims\jvm.cpp, line 1502]
Event: 7.920 Thread 0x00000000020d3000 Exception <a 'java/io/FileNotFoundException'> (0x00000000eba8ac30) thrown at [C:\re\workspace\8-2-build-windows-amd64-cygwin\jdk8u201\12322\hotspot\src\share\vm\prims\jni.cpp, line 709]
Event: 8.049 Thread 0x00000000020d3000 Exception <a 'java/io/FileNotFoundException'> (0x00000000ebb3f240) thrown at [C:\re\workspace\8-2-build-windows-amd64-cygwin\jdk8u201\12322\hotspot\src\share\vm\prims\jni.cpp, line 709]
Event: 77.543 Thread 0x0000000016e2b800 Exception <a 'java/lang/ClassCastException': [Ljava.lang.Object; cannot be cast to [Ljava.lang.String;> (0x00000000ec1accd0) thrown at [C:\re\workspace\8-2-build-windows-amd64-cygwin\jdk8u201\12322\hotspot\src\share\vm\interpreter\interpreterRuntime.cpp, 
Event: 219.809 Thread 0x0000000016e2b800 Exception <a 'java/lang/ClassCastException': [Ljava.lang.Object; cannot be cast to [Ljava.lang.String;> (0x00000000eb4ba348) thrown at [C:\re\workspace\8-2-build-windows-amd64-cygwin\jdk8u201\12322\hotspot\src\share\vm\interpreter\interpreterRuntime.cpp, 

Events (10 events):
Event: 1280.963 Executing VM operation: GetCurrentContendedMonitor done
Event: 1280.964 Executing VM operation: GetOwnedMonitorInfo
Event: 1280.965 Executing VM operation: GetOwnedMonitorInfo done
Event: 1280.965 Executing VM operation: GetCurrentContendedMonitor
Event: 1280.965 Executing VM operation: GetCurrentContendedMonitor done
Event: 1280.967 Executing VM operation: GetCurrentContendedMonitor
Event: 1280.967 Executing VM operation: GetCurrentContendedMonitor done
Event: 1280.968 Executing VM operation: GetOwnedMonitorInfo
Event: 1280.968 Executing VM operation: GetOwnedMonitorInfo done
Event: 1280.992 Executing VM operation: GetOrSetLocal


Dynamic libraries:
0x00007ff789a10000 - 0x00007ff789a47000 	C:\Program Files\Java\jre1.8.0_201\bin\javaw.exe
0x00007ff98edf0000 - 0x00007ff98ef9d000 	C:\WINDOWS\SYSTEM32\ntdll.dll
0x00007ff98d3b0000 - 0x00007ff98d4ee000 	C:\WINDOWS\system32\KERNEL32.DLL
0x00007ff98c2e0000 - 0x00007ff98c3f6000 	C:\WINDOWS\system32\KERNELBASE.dll
0x00007ff98aab0000 - 0x00007ff98ab3e000 	C:\WINDOWS\system32\apphelp.dll
0x00007ff987250000 - 0x00007ff9872a4000 	C:\WINDOWS\AppPatch\AppPatch64\AcGenral.DLL
0x00007ff98ed10000 - 0x00007ff98edba000 	C:\WINDOWS\system32\msvcrt.dll
0x00007ff98c020000 - 0x00007ff98c04e000 	C:\WINDOWS\system32\SspiCli.dll
0x00007ff98d350000 - 0x00007ff98d3a4000 	C:\WINDOWS\system32\SHLWAPI.dll
0x00007ff98d1d0000 - 0x00007ff98d347000 	C:\WINDOWS\system32\USER32.dll
0x00007ff98d030000 - 0x00007ff98d1c4000 	C:\WINDOWS\system32\ole32.dll
0x00007ff98d7e0000 - 0x00007ff98ed0b000 	C:\WINDOWS\system32\SHELL32.dll
0x00007ff98b4b0000 - 0x00007ff98b4d1000 	C:\WINDOWS\SYSTEM32\USERENV.dll
0x00007ff98ce10000 - 0x00007ff98ceba000 	C:\WINDOWS\system32\ADVAPI32.dll
0x00007ff9802d0000 - 0x00007ff9802ee000 	C:\WINDOWS\SYSTEM32\MPR.dll
0x00007ff98c770000 - 0x00007ff98c8b0000 	C:\WINDOWS\system32\RPCRT4.dll
0x00007ff98cfd0000 - 0x00007ff98d029000 	C:\WINDOWS\SYSTEM32\sechost.dll
0x00007ff98d500000 - 0x00007ff98d710000 	C:\WINDOWS\SYSTEM32\combase.dll
0x00007ff98ccc0000 - 0x00007ff98ce0c000 	C:\WINDOWS\system32\GDI32.dll
0x00007ff98bef0000 - 0x00007ff98bf05000 	C:\WINDOWS\SYSTEM32\profapi.dll
0x00007ff989c00000 - 0x00007ff989cb2000 	C:\WINDOWS\SYSTEM32\SHCORE.dll
0x00007ff98cf90000 - 0x00007ff98cfc6000 	C:\WINDOWS\system32\IMM32.DLL
0x00007ff98cb50000 - 0x00007ff98cca1000 	C:\WINDOWS\system32\MSCTF.dll
0x00007ff988590000 - 0x00007ff98880b000 	C:\WINDOWS\WinSxS\amd64_microsoft.windows.common-controls_6595b64144ccf1df_6.0.9600.18006_none_623f33d3ecbe86e8\COMCTL32.dll
0x00000000657a0000 - 0x0000000065871000 	C:\Program Files\Java\jre1.8.0_201\bin\msvcr100.dll
0x0000000065960000 - 0x0000000066204000 	C:\Program Files\Java\jre1.8.0_201\bin\server\jvm.dll
0x00007ff9818c0000 - 0x00007ff9818c9000 	C:\WINDOWS\SYSTEM32\WSOCK32.dll
0x00007ff983850000 - 0x00007ff983872000 	C:\WINDOWS\SYSTEM32\WINMM.dll
0x00007ff982d70000 - 0x00007ff982d7a000 	C:\WINDOWS\SYSTEM32\VERSION.dll
0x00007ff98c760000 - 0x00007ff98c767000 	C:\WINDOWS\system32\PSAPI.DLL
0x00007ff98d710000 - 0x00007ff98d76a000 	C:\WINDOWS\system32\WS2_32.dll
0x00007ff983820000 - 0x00007ff98384a000 	C:\WINDOWS\SYSTEM32\WINMMBASE.dll
0x00007ff98ccb0000 - 0x00007ff98ccb9000 	C:\WINDOWS\system32\NSI.dll
0x00007ff98c400000 - 0x00007ff98c44f000 	C:\WINDOWS\SYSTEM32\cfgmgr32.dll
0x00007ff98ad30000 - 0x00007ff98ad58000 	C:\WINDOWS\SYSTEM32\DEVOBJ.dll
0x00007ff989610000 - 0x00007ff98961f000 	C:\Program Files\Java\jre1.8.0_201\bin\verify.dll
0x00007ff980060000 - 0x00007ff980089000 	C:\Program Files\Java\jre1.8.0_201\bin\java.dll
0x00007ff987fc0000 - 0x00007ff987ff5000 	C:\Program Files\Java\jre1.8.0_201\bin\jdwp.dll
0x00007ff988a50000 - 0x00007ff988a58000 	C:\Program Files\Java\jre1.8.0_201\bin\npt.dll
0x00007ff987b90000 - 0x00007ff987bb3000 	C:\Program Files\Java\jre1.8.0_201\bin\instrument.dll
0x00007ff9894c0000 - 0x00007ff9894d6000 	C:\Program Files\Java\jre1.8.0_201\bin\zip.dll
0x00007ff988a40000 - 0x00007ff988a49000 	C:\Program Files\Java\jre1.8.0_201\bin\dt_socket.dll
0x00007ff980240000 - 0x00007ff980255000 	C:\WINDOWS\system32\napinsp.dll
0x00007ff980260000 - 0x00007ff98027a000 	C:\WINDOWS\system32\pnrpnsp.dll
0x00007ff9898e0000 - 0x00007ff9898fb000 	C:\WINDOWS\system32\NLAapi.dll
0x00007ff98b720000 - 0x00007ff98b779000 	C:\WINDOWS\System32\mswsock.dll
0x00007ff98b520000 - 0x00007ff98b5c4000 	C:\WINDOWS\SYSTEM32\DNSAPI.dll
0x00007ff980280000 - 0x00007ff98028d000 	C:\WINDOWS\System32\winrnr.dll
0x00007ff980290000 - 0x00007ff9802a4000 	C:\WINDOWS\system32\wshbth.dll
0x00007ff987070000 - 0x00007ff9870db000 	C:\WINDOWS\System32\fwpuclnt.dll
0x00007ff9818d0000 - 0x00007ff9818da000 	C:\Windows\System32\rasadhlp.dll
0x00007ff989380000 - 0x00007ff98939a000 	C:\Program Files\Java\jre1.8.0_201\bin\net.dll
0x00007ff984630000 - 0x00007ff9847b8000 	C:\WINDOWS\SYSTEM32\urlmon.dll
0x00007ff984360000 - 0x00007ff98462a000 	C:\WINDOWS\SYSTEM32\iertutil.dll
0x00007ff983e50000 - 0x00007ff9842fc000 	C:\WINDOWS\SYSTEM32\WININET.dll
0x00007ff97b390000 - 0x00007ff97b529000 	C:\Program Files\Java\jre1.8.0_201\bin\awt.dll
0x00007ff98cec0000 - 0x00007ff98cf86000 	C:\WINDOWS\system32\OLEAUT32.dll
0x00007ff989830000 - 0x00007ff989851000 	C:\WINDOWS\system32\DWMAPI.DLL
0x00007ff98ab80000 - 0x00007ff98aca9000 	C:\WINDOWS\system32\uxtheme.dll
0x00007ff97d710000 - 0x00007ff97d83b000 	C:\WINDOWS\system32\opengl32.dll
0x00007ff9865f0000 - 0x00007ff98661e000 	C:\WINDOWS\SYSTEM32\GLU32.dll
0x00007ff97d980000 - 0x00007ff97da78000 	C:\WINDOWS\SYSTEM32\DDRAW.dll
0x00007ff987210000 - 0x00007ff987219000 	C:\WINDOWS\SYSTEM32\DCIMAN32.dll
0x00007ff98acb0000 - 0x00007ff98acbb000 	C:\WINDOWS\SYSTEM32\kernel.appcore.dll
0x00007ff98bd60000 - 0x00007ff98bd6b000 	C:\WINDOWS\SYSTEM32\CRYPTBASE.dll
0x00007ff98bcf0000 - 0x00007ff98bd53000 	C:\WINDOWS\SYSTEM32\bcryptPrimitives.dll
0x00007ff985d90000 - 0x00007ff985dd7000 	C:\Program Files\Java\jre1.8.0_201\bin\fontmanager.dll
0x00007ff98c450000 - 0x00007ff98c506000 	C:\WINDOWS\SYSTEM32\clbcatq.dll
0x00007ff988100000 - 0x00007ff9882ae000 	C:\WINDOWS\SYSTEM32\WindowsCodecs.dll
0x00007ff98b780000 - 0x00007ff98b7a0000 	C:\WINDOWS\SYSTEM32\CRYPTSP.dll
0x00007ff98b3a0000 - 0x00007ff98b3d6000 	C:\WINDOWS\system32\rsaenh.dll
0x00007ff98b9d0000 - 0x00007ff98b9f6000 	C:\WINDOWS\SYSTEM32\bcrypt.dll
0x00007ff9862e0000 - 0x00007ff9862f1000 	C:\Program Files\Java\jre1.8.0_201\bin\nio.dll
0x00007ff985d40000 - 0x00007ff985d82000 	C:\Program Files\Java\jre1.8.0_201\bin\t2k.dll
0x00007ff989da0000 - 0x00007ff989f29000 	C:\WINDOWS\SYSTEM32\dbghelp.dll

VM Arguments:
jvm_args: -agentlib:jdwp=transport=dt_socket,suspend=y,address=localhost:53197 -javaagent:C:\Users\Chris\Develop\eclipse-jee-2018-09-win32-x86_64\eclipse\configuration\org.eclipse.osgi\419\0\.cp\lib\javaagent-shaded.jar -Dfile.encoding=UTF-8 
java_command: org.chrissmb.simulacao.client.app.IniciaClient
java_class_path (initial): C:\Users\Chris\git\JavaSocket\bin;C:\Users\Chris\Develop\eclipse-jee-2018-09-win32-x86_64\eclipse\configuration\org.eclipse.osgi\419\0\.cp\lib\javaagent-shaded.jar
Launcher Type: SUN_STANDARD

Environment Variables:
PATH=C:/Program Files/Java/jre1.8.0_201/bin/server;C:/Program Files/Java/jre1.8.0_201/bin;C:/Program Files/Java/jre1.8.0_201/lib/amd64;C:\Program Files\Haskell\bin;C:\Program Files\Haskell Platform\8.4.3\lib\extralibs\bin;C:\Program Files\Haskell Platform\8.4.3\bin;C:\Program Files (x86)\Common Files\Oracle\Java\javapath;C:\ProgramData\Oracle\Java\javapath;C:\Program Files (x86)\Intel\iCLS Client\;C:\Program Files\Intel\iCLS Client\;C:\WINDOWS\system32;C:\WINDOWS;C:\WINDOWS\System32\Wbem;C:\WINDOWS\System32\WindowsPowerShell\v1.0\;C:\Program Files (x86)\Intel\OpenCL SDK\2.0\bin\x86;C:\Program Files (x86)\Intel\OpenCL SDK\2.0\bin\x64;C:\Program Files\Intel\Intel(R) Management Engine Components\DAL;C:\Program Files\Intel\Intel(R) Management Engine Components\IPT;C:\Program Files (x86)\Intel\Intel(R) Management Engine Components\DAL;C:\Program Files (x86)\Intel\Intel(R) Management Engine Components\IPT;C:\Program Files\Git\cmd;C:\Program Files\nodejs\;C:\Program Files\Intel\WiFi\bin\;C:\Program Files\Common Files\Intel\WirelessCommon\;C:\Program Files\Haskell Platform\8.4.3\mingw\bin;C:\Program Files\Microsoft VS Code\bin;C:\ProgramData\ComposerSetup\bin;C:\Users\Chris\AppData\Roaming\cabal\bin;C:\Users\Chris\AppData\Roaming\local\bin;C:\Program Files\Microsoft VS Code\bin;C:\Users\Chris\AppData\Roaming\npm;C:\Program Files\Intel\WiFi\bin\;C:\Program Files\Common Files\Intel\WirelessCommon\;C:\Users\Chris\php;C:\Users\Chris\AppData\Roaming\Composer\vendor\bin;C:\flutter\bin;C:\mysql-8.0.13-winx64\bin;C:\pgsql\bin;C:\Users\Chris\Develop\eclipse-jee-2018-09-win32-x86_64\eclipse;
USERNAME=Chris
OS=Windows_NT
PROCESSOR_IDENTIFIER=Intel64 Family 6 Model 58 Stepping 9, GenuineIntel



---------------  S Y S T E M  ---------------

OS: Windows 8.1 , 64 bit Build 9600 (6.3.9600.17415)

CPU:total 4 (initial active 4) (2 cores per cpu, 2 threads per core) family 6 model 58 stepping 9, cmov, cx8, fxsr, mmx, sse, sse2, sse3, ssse3, sse4.1, sse4.2, popcnt, avx, clmul, erms, ht, tsc, tscinvbit, tscinv

Memory: 4k page, physical 4089620k(861192k free), swap 5859092k(2416952k free)

vm_info: Java HotSpot(TM) 64-Bit Server VM (25.201-b09) for windows-amd64 JRE (1.8.0_201-b09), built on Dec 15 2018 18:36:39 by "java_re" with MS VC++ 10.0 (VS2010)

time: Fri Mar 01 20:58:09 2019
timezone: Hora oficial do Brasil
elapsed time: 1281 seconds (0d 0h 21m 21s)

